<?xml version="1.0" encoding="UTF-8"?>
<!-- Generated by org.testng.reporters.JUnitReportReporter -->
<testsuite hostname="LAPTOP-BBV4M2VF" failures="0" tests="2" name="testcases.HighlightElement" time="6.293" errors="1" timestamp="2020-06-01T01:36:58 IST" skipped="1">
  <testcase classname="testcases.HighlightElement" name="setup" time="6.293">
    <error message="session not created: This version of ChromeDriver only supports Chrome version 80
Build info: version: &#039;3.141.59&#039;, revision: &#039;e82be7d358&#039;, time: &#039;2018-11-14T08:17:03&#039;
System info: host: &#039;LAPTOP-BBV4M2VF&#039;, ip: &#039;172.20.10.2&#039;, os.name: &#039;Windows 10&#039;, os.arch: &#039;amd64&#039;, os.version: &#039;10.0&#039;, java.version: &#039;11.0.5&#039;
Driver info: driver.version: ChromeDriver
remote stacktrace: Backtrace:
	Ordinal0 [0x00940C83+1707139]
	Ordinal0 [0x008A68F1+1075441]
	Ordinal0 [0x0081DFC9+516041]
	Ordinal0 [0x007B0554+66900]
	Ordinal0 [0x007ACCE2+52450]
	Ordinal0 [0x007CBFD7+180183]
	Ordinal0 [0x007CBDDD+179677]
	Ordinal0 [0x007C9D4B+171339]
	Ordinal0 [0x007B1D4A+73034]
	Ordinal0 [0x007B2DC0+77248]
	Ordinal0 [0x007B2D59+77145]
	Ordinal0 [0x008BBB67+1162087]
	GetHandleVerifier [0x009DA966+508998]
	GetHandleVerifier [0x009DA6A4+508292]
	GetHandleVerifier [0x009EF7B7+594583]
	GetHandleVerifier [0x009DB1D6+511158]
	Ordinal0 [0x008B402C+1130540]
	Ordinal0 [0x008BD4CB+1168587]
	Ordinal0 [0x008BD633+1168947]
	Ordinal0 [0x008D5B35+1268533]
	BaseThreadInitThunk [0x763F6359+25]
	RtlGetAppContainerNamedObjectPath [0x77A67C24+228]
	RtlGetAppContainerNamedObjectPath [0x77A67BF4+180]
" type="org.openqa.selenium.SessionNotCreatedException">
      <![CDATA[org.openqa.selenium.SessionNotCreatedException: session not created: This version of ChromeDriver only supports Chrome version 80
Build info: version: '3.141.59', revision: 'e82be7d358', time: '2018-11-14T08:17:03'
System info: host: 'LAPTOP-BBV4M2VF', ip: '172.20.10.2', os.name: 'Windows 10', os.arch: 'amd64', os.version: '10.0', java.version: '11.0.5'
Driver info: driver.version: ChromeDriver
remote stacktrace: Backtrace:
Ordinal0 [0x00940C83+1707139]
Ordinal0 [0x008A68F1+1075441]
Ordinal0 [0x0081DFC9+516041]
Ordinal0 [0x007B0554+66900]
Ordinal0 [0x007ACCE2+52450]
Ordinal0 [0x007CBFD7+180183]
Ordinal0 [0x007CBDDD+179677]
Ordinal0 [0x007C9D4B+171339]
Ordinal0 [0x007B1D4A+73034]
Ordinal0 [0x007B2DC0+77248]
Ordinal0 [0x007B2D59+77145]
Ordinal0 [0x008BBB67+1162087]
GetHandleVerifier [0x009DA966+508998]
GetHandleVerifier [0x009DA6A4+508292]
GetHandleVerifier [0x009EF7B7+594583]
GetHandleVerifier [0x009DB1D6+511158]
Ordinal0 [0x008B402C+1130540]
Ordinal0 [0x008BD4CB+1168587]
Ordinal0 [0x008BD633+1168947]
Ordinal0 [0x008D5B35+1268533]
BaseThreadInitThunk [0x763F6359+25]
RtlGetAppContainerNamedObjectPath [0x77A67C24+228]
RtlGetAppContainerNamedObjectPath [0x77A67BF4+180]

at java.base/jdk.internal.reflect.NativeConstructorAccessorImpl.newInstance0(Native Method)
at java.base/jdk.internal.reflect.NativeConstructorAccessorImpl.newInstance(NativeConstructorAccessorImpl.java:62)
at java.base/jdk.internal.reflect.DelegatingConstructorAccessorImpl.newInstance(DelegatingConstructorAccessorImpl.java:45)
at java.base/java.lang.reflect.Constructor.newInstance(Constructor.java:490)
at org.openqa.selenium.remote.W3CHandshakeResponse.lambda$errorHandler$0(W3CHandshakeResponse.java:62)
at org.openqa.selenium.remote.HandshakeResponse.lambda$getResponseFunction$0(HandshakeResponse.java:30)
at org.openqa.selenium.remote.ProtocolHandshake.lambda$createSession$0(ProtocolHandshake.java:126)
at java.base/java.util.stream.ReferencePipeline$3$1.accept(ReferencePipeline.java:195)
at java.base/java.util.Spliterators$ArraySpliterator.tryAdvance(Spliterators.java:958)
at java.base/java.util.stream.ReferencePipeline.forEachWithCancel(ReferencePipeline.java:127)
at java.base/java.util.stream.AbstractPipeline.copyIntoWithCancel(AbstractPipeline.java:502)
at java.base/java.util.stream.AbstractPipeline.copyInto(AbstractPipeline.java:488)
at java.base/java.util.stream.AbstractPipeline.wrapAndCopyInto(AbstractPipeline.java:474)
at java.base/java.util.stream.FindOps$FindOp.evaluateSequential(FindOps.java:150)
at java.base/java.util.stream.AbstractPipeline.evaluate(AbstractPipeline.java:234)
at java.base/java.util.stream.ReferencePipeline.findFirst(ReferencePipeline.java:543)
at org.openqa.selenium.remote.ProtocolHandshake.createSession(ProtocolHandshake.java:128)
at org.openqa.selenium.remote.ProtocolHandshake.createSession(ProtocolHandshake.java:74)
at org.openqa.selenium.remote.HttpCommandExecutor.execute(HttpCommandExecutor.java:136)
at org.openqa.selenium.remote.service.DriverCommandExecutor.execute(DriverCommandExecutor.java:83)
at org.openqa.selenium.remote.RemoteWebDriver.execute(RemoteWebDriver.java:552)
at org.openqa.selenium.remote.RemoteWebDriver.startSession(RemoteWebDriver.java:213)
at org.openqa.selenium.remote.RemoteWebDriver.<init>(RemoteWebDriver.java:131)
at org.openqa.selenium.chrome.ChromeDriver.<init>(ChromeDriver.java:181)
at org.openqa.selenium.chrome.ChromeDriver.<init>(ChromeDriver.java:168)
at org.openqa.selenium.chrome.ChromeDriver.<init>(ChromeDriver.java:157)
at resources.Base.initialisation(Base.java:31)
at testcases.HighlightElement.setup(HighlightElement.java:18)
at java.base/jdk.internal.reflect.NativeMethodAccessorImpl.invoke0(Native Method)
at java.base/jdk.internal.reflect.NativeMethodAccessorImpl.invoke(NativeMethodAccessorImpl.java:62)
at java.base/jdk.internal.reflect.DelegatingMethodAccessorImpl.invoke(DelegatingMethodAccessorImpl.java:43)
at java.base/java.lang.reflect.Method.invoke(Method.java:566)
at org.testng.internal.MethodInvocationHelper.invokeMethod(MethodInvocationHelper.java:134)
at org.testng.internal.MethodInvocationHelper.invokeMethodConsideringTimeout(MethodInvocationHelper.java:63)
at org.testng.internal.ConfigInvoker.invokeConfigurationMethod(ConfigInvoker.java:348)
at org.testng.internal.ConfigInvoker.invokeConfigurations(ConfigInvoker.java:302)
at org.testng.internal.TestInvoker.runConfigMethods(TestInvoker.java:695)
at org.testng.internal.TestInvoker.invokeMethod(TestInvoker.java:523)
at org.testng.internal.TestInvoker.invokeTestMethod(TestInvoker.java:173)
at org.testng.internal.MethodRunner.runInSequence(MethodRunner.java:46)
at org.testng.internal.TestInvoker$MethodInvocationAgent.invoke(TestInvoker.java:816)
at org.testng.internal.TestInvoker.invokeTestMethods(TestInvoker.java:146)
at org.testng.internal.TestMethodWorker.invokeTestMethods(TestMethodWorker.java:146)
at org.testng.internal.TestMethodWorker.run(TestMethodWorker.java:128)
at java.base/java.util.concurrent.ThreadPoolExecutor.runWorker(ThreadPoolExecutor.java:1128)
at java.base/java.util.concurrent.ThreadPoolExecutor$Worker.run(ThreadPoolExecutor.java:628)
at java.base/java.lang.Thread.run(Thread.java:834)
]]>
    </error>
  </testcase> <!-- setup -->
  <system-out/>
  <testcase classname="testcases.HighlightElement" name="testHighlight" time="0.000">
    <skipped/>
  </testcase> <!-- testHighlight -->
  <system-out/>
</testsuite> <!-- testcases.HighlightElement -->
